Build started 11/12/2015 1:00:11 AM.
     1>Project "C:\Users\Nicholas\Desktop\Test\Bengine\Bengine.vcxproj" on node 2 (Build target(s)).
     1>ClCompile:
         C:\Program Files (x86)\Microsoft Visual Studio 14.0\VC\bin\CL.exe /c /I"C:\Users\Nicholas\Desktop\Test\Bengine\\..\SDL2-2.0.3\include" /I"C:\Users\Nicholas\Desktop\Test\Bengine\\..\glm-0.9.7.1\\" /I"C:\Users\Nicholas\Desktop\Test\Bengine\\..\glew-1.13.0\include" /ZI /nologo /W3 /WX- /sdl /Od /Oy- /D WIN32 /D _DEBUG /D _LIB /D _UNICODE /D UNICODE /Gm /EHsc /RTC1 /MDd /GS /fp:precise /Zc:wchar_t /Zc:forScope /Zc:inline /Fo"Debug\\" /Fd"Debug\Bengine.pdb" /Gd /TP /analyze- /errorReport:prompt AudioManager.cpp
         AudioManager.cpp
       Lib:
         C:\Program Files (x86)\Microsoft Visual Studio 14.0\VC\bin\Lib.exe /OUT:"C:\Users\Nicholas\Desktop\Test\_Projects\ZombieGame\Debug\Bengine.lib" SDL2.lib SDL2main.lib glew32.lib /LIBPATH:"C:\Users\Nicholas\Desktop\Test\Bengine\\..\SDL2-2.0.3\lib\x86" /LIBPATH:"C:\Users\Nicholas\Desktop\Test\Bengine\\..\glew-1.13.0\lib\Release\Win32" /NOLOGO Debug\AudioManager.obj
         Debug\Bengine.obj
         Debug\Camera2D.obj
         Debug\Errors.obj
         Debug\GLSLProgram.obj
         Debug\ImageLoader.obj
         Debug\InputManager.obj
         Debug\IOManager.obj
         Debug\picoPNG.obj
         Debug\ResourceManager.obj
         Debug\Sprite.obj
         Debug\SpriteBatch.obj
         Debug\TextureCache.obj
         Debug\Timing.obj
         Debug\Window.obj
     1>glew32.lib(glew32.dll) : warning LNK4006: __NULL_IMPORT_DESCRIPTOR already defined in SDL2.lib(SDL2.dll); second definition ignored
     1>glew32.lib(glew32.dll) : warning LNK4221: This object file does not define any previously undefined public symbols, so it will not be used by any link operation that consumes this library
         Bengine.vcxproj -> C:\Users\Nicholas\Desktop\Test\_Projects\ZombieGame\Debug\Bengine.lib
     1>Done Building Project "C:\Users\Nicholas\Desktop\Test\Bengine\Bengine.vcxproj" (Build target(s)).

Build succeeded.

Time Elapsed 00:00:00.30
